<?xml version="1.0" encoding="UTF-8"?>
<testsuite name="ParserTest" tests="2" skipped="0" failures="0" errors="0" timestamp="2016-03-01T07:48:06" hostname="Scott-Kagelss-MacBook-Air.local" time="0.231">
  <properties/>
  <testcase name="tesMaxRepeatingLetter" classname="ParserTest" time="0.15"/>
  <testcase name="testFindWordWithMaxRepeatingLetter" classname="ParserTest" time="0.08"/>
  <system-out><![CDATA[e count: 1
h count: 1
l count: 2
o count: 1
r count: 1
e count: 3
v count: 1
y count: 1
n count: 1
o count: 1
e count: 1
h count: 1
l count: 2
o count: 1
p count: 1
a count: 1
r count: 1
e count: 1
g count: 1
p count: 1
a count: 1
! count: 1
e count: 1
u count: 1
y count: 1
o count: 1
a count: 1
r count: 1
e count: 1
s count: 1
o count: 1
b count: 1
g count: 1
i count: 1
a count: 1
d count: 1
n count: 1
p count: 2
r count: 1
u count: 1
e count: 1
l count: 1
. count: 1
e count: 1
w count: 1
a count: 1
c count: 1
t count: 1
' count: 1
n count: 1
a count: 1
t count: 1
f count: 1
h count: 1
m count: 1
o count: 1
w count: 1
h count: 1
o count: 1
b count: 1
g count: 1
i count: 1
t count: 1
e count: 1
h count: 1
a count: 3
b count: 1
n count: 2
s count: 1
i count: 1
a count: 1
t count: 2
h count: 1
u count: 1
y count: 1
o count: 1
a count: 1
t count: 1
e count: 1
. count: 1
s count: 1
e count: 1
m count: 1
o count: 1
p count: 2
e count: 2
l count: 1
o count: 1
e count: 2
f count: 1
l count: 1
t count: 1
e count: 1
h count: 1
a count: 1
r count: 1
i count: 1
, count: 1
n count: 1
e count: 1
w count: 1
h count: 1
i count: 1
l count: 1
r count: 1
s count: 1
t count: 1
e count: 1
h count: 1
o count: 1
s count: 1
t count: 1
u count: 1
j count: 1
t count: 1
e count: 1
g count: 1
t count: 1
e count: 1
w count: 1
. count: 1
o count: 1
r count: 1
e count: 1
, count: 1
m count: 1
o count: 2
r count: 1
e count: 1
, count: 1
m count: 1
o count: 2
r count: 2
e count: 3
f count: 1
w count: 1
h count: 1
o count: 1
a count: 1
r count: 1
t count: 1
t count: 1
u count: 1
h count: 1
o count: 1
r count: 1
e count: 1
m count: 1
o count: 2
? count: 1
]]></system-out>
  <system-err><![CDATA[]]></system-err>
</testsuite>
